<?xml version="1.0" encoding="utf-8"?><testsuites name="pytest tests"><testsuite name="pytest" errors="0" failures="0" skipped="0" tests="43" time="36.760" timestamp="2026-03-22T21:48:08.410172+00:00" hostname="vscode-python-gpu-67274-0"><testcase classname="tests.test_attention" name="test_flash_forward_pass_pytorch" time="0.045" /><testcase classname="tests.test_attention" name="test_flash_forward_pass_triton[False]" time="2.696" /><testcase classname="tests.test_attention" name="test_flash_forward_pass_triton[True]" time="1.195" /><testcase classname="tests.test_attention" name="test_flash_backward_pytorch" time="0.373" /><testcase classname="tests.test_attention" name="test_flash_backward_triton[False]" time="1.178" /><testcase classname="tests.test_attention" name="test_flash_backward_triton[True]" time="0.784" /><testcase classname="tests.test_flash_attention.TestFlashAttentionForward" name="test_forward_correctness[1-128-128-triton]" time="2.503" /><testcase classname="tests.test_flash_attention.TestFlashAttentionForward" name="test_forward_correctness[1-128-128-pytorch]" time="0.041" /><testcase classname="tests.test_flash_attention.TestFlashAttentionForward" name="test_forward_correctness[2-256-128-triton]" time="0.002" /><testcase classname="tests.test_flash_attention.TestFlashAttentionForward" name="test_forward_correctness[2-256-128-pytorch]" time="0.082" /><testcase classname="tests.test_flash_attention.TestFlashAttentionForward" name="test_forward_correctness[4-512-128-triton]" time="0.003" /><testcase classname="tests.test_flash_attention.TestFlashAttentionForward" name="test_forward_correctness[4-512-128-pytorch]" time="0.301" /><testcase classname="tests.test_flash_attention.TestFlashAttentionForward" name="test_causal_attention[1-128-128-triton]" time="2.597" /><testcase classname="tests.test_flash_attention.TestFlashAttentionForward" name="test_causal_attention[1-128-128-pytorch]" time="0.021" /><testcase classname="tests.test_flash_attention.TestFlashAttentionForward" name="test_causal_attention[2-256-128-triton]" time="0.002" /><testcase classname="tests.test_flash_attention.TestFlashAttentionForward" name="test_causal_attention[2-256-128-pytorch]" time="0.062" /><testcase classname="tests.test_flash_attention.TestFlashAttentionForward" name="test_output_shape[triton]" time="0.001" /><testcase classname="tests.test_flash_attention.TestFlashAttentionForward" name="test_output_shape[pytorch]" time="0.082" /><testcase classname="tests.test_flash_attention.TestFlashAttentionBackward" name="test_backward_correctness[2-128-128-triton]" time="1.231" /><testcase classname="tests.test_flash_attention.TestFlashAttentionBackward" name="test_backward_correctness[2-128-128-pytorch]" time="0.032" /><testcase classname="tests.test_flash_attention.TestFlashAttentionBackward" name="test_backward_correctness[2-256-128-triton]" time="0.005" /><testcase classname="tests.test_flash_attention.TestFlashAttentionBackward" name="test_backward_correctness[2-256-128-pytorch]" time="0.087" /><testcase classname="tests.test_flash_attention.TestFlashAttentionBackward" name="test_backward_causal[triton]" time="1.307" /><testcase classname="tests.test_flash_attention.TestFlashAttentionBackward" name="test_backward_causal[pytorch]" time="0.030" /><testcase classname="tests.test_flash_memory" name="test_flash_attention_no_quadratic_saved_tensors" time="1.078" /><testcase classname="tests.test_flash_memory" name="test_flash_attention_expected_saved_tensors" time="0.216" /><testcase classname="tests.test_flash_memory" name="test_flash_attention_forward_memory" time="20.537" /><testcase classname="tests.test_online_softmax.TestOnlineSoftmaxForward" name="test_forward_correctness[shape0-8]" time="0.010" /><testcase classname="tests.test_online_softmax.TestOnlineSoftmaxForward" name="test_forward_correctness[shape1-16]" time="0.003" /><testcase classname="tests.test_online_softmax.TestOnlineSoftmaxForward" name="test_forward_correctness[shape2-32]" time="0.003" /><testcase classname="tests.test_online_softmax.TestOnlineSoftmaxForward" name="test_output_properties" time="0.001" /><testcase classname="tests.test_online_softmax.TestOnlineSoftmaxForward" name="test_numerical_stability" time="0.001" /><testcase classname="tests.test_online_softmax.TestOnlineSoftmaxBackward" name="test_backward_correctness[shape0-16]" time="0.003" /><testcase classname="tests.test_online_softmax.TestOnlineSoftmaxBackward" name="test_backward_correctness[shape1-32]" time="0.002" /><testcase classname="tests.test_softmax_matmul.TestFusedSoftmaxForward" name="test_correctness[shape_x0-shape_v0-16]" time="0.007" /><testcase classname="tests.test_softmax_matmul.TestFusedSoftmaxForward" name="test_correctness[shape_x1-shape_v1-16]" time="0.003" /><testcase classname="tests.test_softmax_matmul.TestFusedSoftmaxForward" name="test_correctness[shape_x2-shape_v2-32]" time="0.003" /><testcase classname="tests.test_softmax_matmul.TestFusedSoftmaxForward" name="test_output_shape" time="0.002" /><testcase classname="tests.test_softmax_matmul.TestFusedSoftmaxForward" name="test_numerical_stability" time="0.001" /><testcase classname="tests.test_softmax_matmul.TestFusedSoftmaxForward" name="test_different_d3_sizes" time="0.008" /><testcase classname="tests.test_triton_usage" name="test_triton_class_uses_triton_kernels" time="0.000" /><testcase classname="tests.test_triton_usage" name="test_triton_forward_calls_kernel" time="0.001" /><testcase classname="tests.test_triton_usage" name="test_triton_class_different_from_pytorch" time="0.001" /></testsuite></testsuites>